<?xml version="1.0" encoding="UTF-8"?>
<testsuite name="ru.itmo.lrucache.LRUCacheSimpleTest" tests="1" skipped="0" failures="0" errors="0" timestamp="2022-09-19T21:17:29" hostname="i109817004" time="0.024">
  <properties/>
  <testcase name="testNoCorrectSizeLruCache()" classname="ru.itmo.lrucache.LRUCacheSimpleTest" time="0.024"/>
  <system-out><![CDATA[]]></system-out>
  <system-err><![CDATA[]]></system-err>
</testsuite>
